Using pre-set license
Built from '2021.3/staging' branch; Version is '2021.3.5f1 (40eb3a945986) revision 4254522'; Using compiler version '192829333'; Build Type 'Release'
OS: 'Windows 11  (10.0.22631) 64bit CoreSingleLanguage' Language: 'pt' Physical Memory: 8025 MB
BatchMode: 1, IsHumanControllingUs: 0, StartBugReporterOnCrash: 0, Is64bit: 1, IsPro: 1

COMMAND LINE ARGUMENTS:
C:\Program Files\Unity\Hub\Editor\2021.3.5f1\Editor\Unity.exe
-adb2
-batchMode
-noUpm
-name
AssetImportWorker2
-projectPath
C:/Users/djaly/Documents/GitHub/Sonic-esque-Metroidvania/Sonic-esque Metroidvania
-logFile
Logs/AssetImportWorker2.log
-srvPort
52208
Successfully changed project path to: C:/Users/djaly/Documents/GitHub/Sonic-esque-Metroidvania/Sonic-esque Metroidvania
C:/Users/djaly/Documents/GitHub/Sonic-esque-Metroidvania/Sonic-esque Metroidvania
[UnityMemory] Configuration Parameters - Can be set up in boot.config
    "memorysetup-bucket-allocator-granularity=16"
    "memorysetup-bucket-allocator-bucket-count=8"
    "memorysetup-bucket-allocator-block-size=33554432"
    "memorysetup-bucket-allocator-block-count=8"
    "memorysetup-main-allocator-block-size=16777216"
    "memorysetup-thread-allocator-block-size=16777216"
    "memorysetup-gfx-main-allocator-block-size=16777216"
    "memorysetup-gfx-thread-allocator-block-size=16777216"
    "memorysetup-cache-allocator-block-size=4194304"
    "memorysetup-typetree-allocator-block-size=2097152"
    "memorysetup-profiler-bucket-allocator-granularity=16"
    "memorysetup-profiler-bucket-allocator-bucket-count=8"
    "memorysetup-profiler-bucket-allocator-block-size=33554432"
    "memorysetup-profiler-bucket-allocator-block-count=8"
    "memorysetup-profiler-allocator-block-size=16777216"
    "memorysetup-profiler-editor-allocator-block-size=1048576"
    "memorysetup-temp-allocator-size-main=16777216"
    "memorysetup-job-temp-allocator-block-size=2097152"
    "memorysetup-job-temp-allocator-block-size-background=1048576"
    "memorysetup-job-temp-allocator-reduction-small-platforms=262144"
    "memorysetup-temp-allocator-size-background-worker=32768"
    "memorysetup-temp-allocator-size-job-worker=262144"
    "memorysetup-temp-allocator-size-preload-manager=33554432"
    "memorysetup-temp-allocator-size-nav-mesh-worker=65536"
    "memorysetup-temp-allocator-size-audio-worker=65536"
    "memorysetup-temp-allocator-size-cloud-worker=32768"
    "memorysetup-temp-allocator-size-gi-baking-worker=262144"
    "memorysetup-temp-allocator-size-gfx=262144"
Refreshing native plugins compatible for Editor in 127.91 ms, found 3 plugins.
Preloading 0 native plugins for Editor in 0.00 ms.
Initialize engine version: 2021.3.5f1 (40eb3a945986)
[Subsystems] Discovering subsystems at path C:/Program Files/Unity/Hub/Editor/2021.3.5f1/Editor/Data/Resources/UnitySubsystems
[Subsystems] Discovering subsystems at path C:/Users/djaly/Documents/GitHub/Sonic-esque-Metroidvania/Sonic-esque Metroidvania/Assets
GfxDevice: creating device client; threaded=0; jobified=0
Direct3D:
    Version:  Direct3D 11.0 [level 11.1]
    Renderer: Intel(R) UHD Graphics (ID=0x9b41)
    Vendor:   Intel
    VRAM:     4012 MB
    Driver:   30.0.100.9864
Initialize mono
Mono path[0] = 'C:/Program Files/Unity/Hub/Editor/2021.3.5f1/Editor/Data/Managed'
Mono path[1] = 'C:/Program Files/Unity/Hub/Editor/2021.3.5f1/Editor/Data/MonoBleedingEdge/lib/mono/unityjit-win32'
Mono config path = 'C:/Program Files/Unity/Hub/Editor/2021.3.5f1/Editor/Data/MonoBleedingEdge/etc'
Using monoOptions --debugger-agent=transport=dt_socket,embedding=1,server=y,suspend=n,address=127.0.0.1:56432
Begin MonoManager ReloadAssembly
Registering precompiled unity dll's ...
Register platform support module: C:/Program Files/Unity/Hub/Editor/2021.3.5f1/Editor/Data/PlaybackEngines/WindowsStandaloneSupport/UnityEditor.WindowsStandalone.Extensions.dll
Registered in 0.009915 seconds.
Native extension for WindowsStandalone target not found
Refreshing native plugins compatible for Editor in 108.33 ms, found 3 plugins.
Preloading 0 native plugins for Editor in 0.00 ms.
Mono: successfully reloaded assembly
- Completed reload, in  1.044 seconds
Domain Reload Profiling:
	ReloadAssembly (1045ms)
		BeginReloadAssembly (121ms)
			ExecutionOrderSort (0ms)
			DisableScriptedObjects (0ms)
			BackupInstance (0ms)
			ReleaseScriptingObjects (0ms)
			CreateAndSetChildDomain (1ms)
		EndReloadAssembly (751ms)
			LoadAssemblies (119ms)
			RebuildTransferFunctionScriptingTraits (0ms)
			SetupTypeCache (233ms)
			ReleaseScriptCaches (0ms)
			RebuildScriptCaches (42ms)
			SetupLoadedEditorAssemblies (391ms)
				LogAssemblyErrors (0ms)
				InitializePlatformSupportModulesInManaged (10ms)
				SetLoadedEditorAssemblies (0ms)
				RefreshPlugins (108ms)
				BeforeProcessingInitializeOnLoad (2ms)
				ProcessInitializeOnLoadAttributes (198ms)
				ProcessInitializeOnLoadMethodAttributes (72ms)
				AfterProcessingInitializeOnLoad (0ms)
				EditorAssembliesLoaded (0ms)
			ExecutionOrderSort2 (0ms)
			AwakeInstancesAfterBackupRestoration (0ms)
Platform modules already initialized, skipping
Registering precompiled user dll's ...
Registered in 0.009660 seconds.
Begin MonoManager ReloadAssembly
Native extension for WindowsStandalone target not found
Refreshing native plugins compatible for Editor in 108.13 ms, found 3 plugins.
Preloading 0 native plugins for Editor in 0.00 ms.
Package Manager log level set to [2]
Mono: successfully reloaded assembly
- Completed reload, in  2.560 seconds
Domain Reload Profiling:
	ReloadAssembly (2562ms)
		BeginReloadAssembly (172ms)
			ExecutionOrderSort (0ms)
			DisableScriptedObjects (14ms)
			BackupInstance (0ms)
			ReleaseScriptingObjects (0ms)
			CreateAndSetChildDomain (29ms)
		EndReloadAssembly (2137ms)
			LoadAssemblies (216ms)
			RebuildTransferFunctionScriptingTraits (0ms)
			SetupTypeCache (571ms)
			ReleaseScriptCaches (1ms)
			RebuildScriptCaches (114ms)
			SetupLoadedEditorAssemblies (1119ms)
				LogAssemblyErrors (0ms)
				InitializePlatformSupportModulesInManaged (9ms)
				SetLoadedEditorAssemblies (0ms)
				RefreshPlugins (108ms)
				BeforeProcessingInitializeOnLoad (161ms)
				ProcessInitializeOnLoadAttributes (557ms)
				ProcessInitializeOnLoadMethodAttributes (274ms)
				AfterProcessingInitializeOnLoad (9ms)
				EditorAssembliesLoaded (0ms)
			ExecutionOrderSort2 (0ms)
			AwakeInstancesAfterBackupRestoration (8ms)
Platform modules already initialized, skipping
========================================================================
Worker process is ready to serve import requests
Launched and connected shader compiler UnityShaderCompiler.exe after 0.15 seconds
Refreshing native plugins compatible for Editor in 1.03 ms, found 3 plugins.
Preloading 0 native plugins for Editor in 0.00 ms.
Unloading 3568 Unused Serialized files (Serialized files now loaded: 0)
Unloading 84 unused Assets / (129.2 KB). Loaded Objects now: 3998.
Memory consumption went from 149.0 MB to 148.9 MB.
Total: 14.049100 ms (FindLiveObjects: 0.388100 ms CreateObjectMapping: 0.325800 ms MarkObjects: 13.185200 ms  DeleteObjects: 0.147500 ms)

AssetImportParameters requested are different than current active one (requested -> active):
  custom:video-decoder-ogg-theora: a1e56fd34408186e4bbccfd4996cb3dc -> 
  custom:container-muxer-webm: aa71ff27fc2769a1b78a27578f13a17b -> 
  custom:container-demuxer-webm: 4f35f7cbe854078d1ac9338744f61a02 -> 
  custom:video-encoder-webm-vp8: eb34c28f22e8b96e1ab97ce403110664 -> 
  custom:video-codec-MediaFoundation-h265: 746d11721c4dcdbdad8f713fa42b33f4 -> 
  custom:audio-encoder-webm-vorbis: bf7c407c2cedff20999df2af8eb42d56 -> 
  custom:framework-win-MediaFoundation: 216162199b28c13a410421893ffa2e32 -> 
  custom:container-demuxer-ogg: 62fdf1f143b41e24485cea50d1cbac27 -> 
  custom:video-decoder-webm-vp8: 9c59270c3fd7afecdb556c50c9e8de78 -> 
  custom:audio-decoder-ogg-vorbis: bf7c407c2cedff20999df2af8eb42d56 -> 
========================================================================
Received Import Request.
  Time since last request: 781707.433580 seconds.
  path: Assets/Tiles/Sonic_GBA_template
  artifactKey: Guid(4dc73c09142cfad4bbb8c77454469f65) Importer(815301076,1909f56bfc062723c751e8b465ee728b)
Start importing Assets/Tiles/Sonic_GBA_template using Guid(4dc73c09142cfad4bbb8c77454469f65) Importer(815301076,1909f56bfc062723c751e8b465ee728b)  -> (artifact id: 'dabc4673716e38acd1b3106624a2c361') in 0.020749 seconds 
========================================================================
Received Import Request.
  Time since last request: 0.000040 seconds.
  path: Assets/SpriteShape
  artifactKey: Guid(04f4e973caa992d499d78f87733d1e76) Importer(815301076,1909f56bfc062723c751e8b465ee728b)
Start importing Assets/SpriteShape using Guid(04f4e973caa992d499d78f87733d1e76) Importer(815301076,1909f56bfc062723c751e8b465ee728b)  -> (artifact id: 'c475f49c6ba3f66b5c2f396352abbf61') in 0.013127 seconds 
========================================================================
Received Import Request.
  Time since last request: 0.000039 seconds.
  path: Assets/Tiles/Sonic_GBA_template/Tiles
  artifactKey: Guid(45ceb806c6329ff4ab673845d1d6a6ac) Importer(815301076,1909f56bfc062723c751e8b465ee728b)
Start importing Assets/Tiles/Sonic_GBA_template/Tiles using Guid(45ceb806c6329ff4ab673845d1d6a6ac) Importer(815301076,1909f56bfc062723c751e8b465ee728b)  -> (artifact id: '593583b48db698e657f1c2fc99bb8f7c') in 0.015594 seconds 
========================================================================
Received Import Request.
  Time since last request: 0.000150 seconds.
  path: Assets/Tiles
  artifactKey: Guid(38b37d4c25708c04f97d96ea92966330) Importer(815301076,1909f56bfc062723c751e8b465ee728b)
Start importing Assets/Tiles using Guid(38b37d4c25708c04f97d96ea92966330) Importer(815301076,1909f56bfc062723c751e8b465ee728b)  -> (artifact id: 'c76fa9cf8872fb3c2c002168d0d62429') in 0.002879 seconds 
========================================================================
Received Import Request.
  Time since last request: 7217.009859 seconds.
  path: Assets/Tiles/Sonic_GBA_template/_GBA_Template.png
  artifactKey: Guid(1d7928007b2ffe545976956b88b501eb) Importer(815301076,1909f56bfc062723c751e8b465ee728b)
Start importing Assets/Tiles/Sonic_GBA_template/_GBA_Template.png using Guid(1d7928007b2ffe545976956b88b501eb) Importer(815301076,1909f56bfc062723c751e8b465ee728b)  -> (artifact id: '10eab896ec3444aeffa38daecbbf0ee0') in 5.569776 seconds 
========================================================================
Received Import Request.
  Time since last request: 49.252040 seconds.
  path: Assets/Tiles/Sonic_GBA_template/_GBA_Template.png
  artifactKey: Guid(1d7928007b2ffe545976956b88b501eb) Importer(815301076,1909f56bfc062723c751e8b465ee728b)
Start importing Assets/Tiles/Sonic_GBA_template/_GBA_Template.png using Guid(1d7928007b2ffe545976956b88b501eb) Importer(815301076,1909f56bfc062723c751e8b465ee728b)  -> (artifact id: 'ea275718c87c548d1d3b9ef6efeba769') in 3.910054 seconds 
========================================================================
Received Import Request.
  Time since last request: 169.134776 seconds.
  path: Assets/Tiles/SkySanctuary.png
  artifactKey: Guid(49eb823d59333d5479817a486a4e7f45) Importer(815301076,1909f56bfc062723c751e8b465ee728b)
Start importing Assets/Tiles/SkySanctuary.png using Guid(49eb823d59333d5479817a486a4e7f45) Importer(815301076,1909f56bfc062723c751e8b465ee728b)  -> (artifact id: 'e3ae9c9668f416a2dd24ffeacdb51007') in 1.770445 seconds 
========================================================================
Received Import Request.
  Time since last request: 12.447790 seconds.
  path: Assets/Tiles/SkySanctuary.png
  artifactKey: Guid(49eb823d59333d5479817a486a4e7f45) Importer(815301076,1909f56bfc062723c751e8b465ee728b)
Start importing Assets/Tiles/SkySanctuary.png using Guid(49eb823d59333d5479817a486a4e7f45) Importer(815301076,1909f56bfc062723c751e8b465ee728b)  -> (artifact id: '360dbd1dca6c129509f35cb8b1f95e1b') in 0.515525 seconds 
========================================================================
Received Import Request.
  Time since last request: 51.512256 seconds.
  path: Assets/Tiles/SkySanctuary.png
  artifactKey: Guid(49eb823d59333d5479817a486a4e7f45) Importer(815301076,1909f56bfc062723c751e8b465ee728b)
Start importing Assets/Tiles/SkySanctuary.png using Guid(49eb823d59333d5479817a486a4e7f45) Importer(815301076,1909f56bfc062723c751e8b465ee728b)  -> (artifact id: '1d49edb8b2480cbf7fd46d39b3312dd2') in 2.217398 seconds 
========================================================================
Received Import Request.
  Time since last request: 7.122134 seconds.
  path: Assets/Tiles/SkySanctuary.png
  artifactKey: Guid(49eb823d59333d5479817a486a4e7f45) Importer(815301076,1909f56bfc062723c751e8b465ee728b)
Start importing Assets/Tiles/SkySanctuary.png using Guid(49eb823d59333d5479817a486a4e7f45) Importer(815301076,1909f56bfc062723c751e8b465ee728b)  -> (artifact id: 'a9b5a34de2d58345673f4b670f122031') in 2.945414 seconds 
========================================================================
Received Import Request.
  Time since last request: 275.142669 seconds.
  path: Assets/Tiles/Sonic_GBA_template/Tiles/Sonic_GBA_Template_0.asset
  artifactKey: Guid(2f3ca1506b7ddda4b9f7b83915294192) Importer(815301076,1909f56bfc062723c751e8b465ee728b)
Start importing Assets/Tiles/Sonic_GBA_template/Tiles/Sonic_GBA_Template_0.asset using Guid(2f3ca1506b7ddda4b9f7b83915294192) Importer(815301076,1909f56bfc062723c751e8b465ee728b)  -> (artifact id: 'de6fcd118eb58d66d6f210f6eff197cc') in 0.219351 seconds 
========================================================================
Received Import Request.
  Time since last request: 1.356257 seconds.
  path: Assets/Tiles/Sonic_GBA_template/Tiles/Sonic_GBA_Template_1.asset
  artifactKey: Guid(cae8a7eb7fe742d4a9a251619de39e50) Importer(815301076,1909f56bfc062723c751e8b465ee728b)
Start importing Assets/Tiles/Sonic_GBA_template/Tiles/Sonic_GBA_Template_1.asset using Guid(cae8a7eb7fe742d4a9a251619de39e50) Importer(815301076,1909f56bfc062723c751e8b465ee728b)  -> (artifact id: 'fa3962cc7d7da2d7e685ccd9bc4d182e') in 0.046204 seconds 
========================================================================
Received Import Request.
  Time since last request: 0.807110 seconds.
  path: Assets/Tiles/Sonic_GBA_template/Tiles/Sonic_GBA_Template_2.asset
  artifactKey: Guid(69f4d5d20b3f4b04c9c9485e60cf1fef) Importer(815301076,1909f56bfc062723c751e8b465ee728b)
Start importing Assets/Tiles/Sonic_GBA_template/Tiles/Sonic_GBA_Template_2.asset using Guid(69f4d5d20b3f4b04c9c9485e60cf1fef) Importer(815301076,1909f56bfc062723c751e8b465ee728b)  -> (artifact id: '2638674b8c993e87f820704931bd1b01') in 0.039403 seconds 
========================================================================
Received Import Request.
  Time since last request: 0.087414 seconds.
  path: Assets/Tiles/Sonic_GBA_template/Tiles/Sonic_GBA_Template_3.asset
  artifactKey: Guid(315211e0f8375864aab8b8b1b1067636) Importer(815301076,1909f56bfc062723c751e8b465ee728b)
Start importing Assets/Tiles/Sonic_GBA_template/Tiles/Sonic_GBA_Template_3.asset using Guid(315211e0f8375864aab8b8b1b1067636) Importer(815301076,1909f56bfc062723c751e8b465ee728b)  -> (artifact id: '1bed03da4b3c1b8c58658bfa7545bf4d') in 0.036689 seconds 
========================================================================
Received Import Request.
  Time since last request: 0.090403 seconds.
  path: Assets/Tiles/Sonic_GBA_template/Tiles/Sonic_GBA_Template_4.asset
  artifactKey: Guid(14d7040ebbf10b3498afea309fb16e0c) Importer(815301076,1909f56bfc062723c751e8b465ee728b)
Start importing Assets/Tiles/Sonic_GBA_template/Tiles/Sonic_GBA_Template_4.asset using Guid(14d7040ebbf10b3498afea309fb16e0c) Importer(815301076,1909f56bfc062723c751e8b465ee728b)  -> (artifact id: '6eca987f9dd83b70e4c8d844bf71019c') in 0.038149 seconds 
========================================================================
Received Import Request.
  Time since last request: 0.076536 seconds.
  path: Assets/Tiles/Sonic_GBA_template/Tiles/Sonic_GBA_Template_5.asset
  artifactKey: Guid(dbaed27cd5478524b8ed0b6ea92ef576) Importer(815301076,1909f56bfc062723c751e8b465ee728b)
Start importing Assets/Tiles/Sonic_GBA_template/Tiles/Sonic_GBA_Template_5.asset using Guid(dbaed27cd5478524b8ed0b6ea92ef576) Importer(815301076,1909f56bfc062723c751e8b465ee728b)  -> (artifact id: 'b6c432941c1db7e3a6852775174bae68') in 0.034934 seconds 
========================================================================
Received Import Request.
  Time since last request: 0.110918 seconds.
  path: Assets/Tiles/Sonic_GBA_template/Tiles/Sonic_GBA_Template_6.asset
  artifactKey: Guid(02acc05150a40f64da84457364789dc3) Importer(815301076,1909f56bfc062723c751e8b465ee728b)
Start importing Assets/Tiles/Sonic_GBA_template/Tiles/Sonic_GBA_Template_6.asset using Guid(02acc05150a40f64da84457364789dc3) Importer(815301076,1909f56bfc062723c751e8b465ee728b)  -> (artifact id: '3a3a0eae6d676b226b9c441ecbc3d576') in 0.036220 seconds 
========================================================================
Received Import Request.
  Time since last request: 0.105691 seconds.
  path: Assets/Tiles/Sonic_GBA_template/Tiles/Sonic_GBA_Template_7.asset
  artifactKey: Guid(f75feb89adc476345b0f8ffc4c1ff5f1) Importer(815301076,1909f56bfc062723c751e8b465ee728b)
Start importing Assets/Tiles/Sonic_GBA_template/Tiles/Sonic_GBA_Template_7.asset using Guid(f75feb89adc476345b0f8ffc4c1ff5f1) Importer(815301076,1909f56bfc062723c751e8b465ee728b)  -> (artifact id: 'c0ce3ccea1a4c13788a3d8970dc6b8df') in 0.037476 seconds 
========================================================================
Received Import Request.
  Time since last request: 0.131146 seconds.
  path: Assets/Tiles/Sonic_GBA_template/Tiles/Sonic_GBA_Template_8.asset
  artifactKey: Guid(f0a3594a42b6faf4f9fa9f89b07dd0df) Importer(815301076,1909f56bfc062723c751e8b465ee728b)
Start importing Assets/Tiles/Sonic_GBA_template/Tiles/Sonic_GBA_Template_8.asset using Guid(f0a3594a42b6faf4f9fa9f89b07dd0df) Importer(815301076,1909f56bfc062723c751e8b465ee728b)  -> (artifact id: 'c36bd97adf8ac453732d3296d1ca0e93') in 0.039174 seconds 
========================================================================
Received Import Request.
  Time since last request: 0.308555 seconds.
  path: Assets/Tiles/Sonic_GBA_template/Tiles/Sonic_GBA_Template_9.asset
  artifactKey: Guid(ed58f0060ae80e34e9f3613f0b6382f2) Importer(815301076,1909f56bfc062723c751e8b465ee728b)
Start importing Assets/Tiles/Sonic_GBA_template/Tiles/Sonic_GBA_Template_9.asset using Guid(ed58f0060ae80e34e9f3613f0b6382f2) Importer(815301076,1909f56bfc062723c751e8b465ee728b)  -> (artifact id: 'ee86d3ab21cf752ea9bb3dee9a828d7b') in 0.038722 seconds 
========================================================================
Received Import Request.
  Time since last request: 0.122465 seconds.
  path: Assets/Tiles/Sonic_GBA_template/Tiles/Sonic_GBA_Template_10.asset
  artifactKey: Guid(60f9edd287decc1439f9a63ed3940fc5) Importer(815301076,1909f56bfc062723c751e8b465ee728b)
Start importing Assets/Tiles/Sonic_GBA_template/Tiles/Sonic_GBA_Template_10.asset using Guid(60f9edd287decc1439f9a63ed3940fc5) Importer(815301076,1909f56bfc062723c751e8b465ee728b)  -> (artifact id: '97a717efa9e31aeb82332008263e00b1') in 0.037275 seconds 
========================================================================
Received Import Request.
  Time since last request: 0.413459 seconds.
  path: Assets/Tiles/Sonic_GBA_template/Tiles/Sonic_GBA_Template_11.asset
  artifactKey: Guid(d3f6731dc0d6ad04881e2c94f51cea57) Importer(815301076,1909f56bfc062723c751e8b465ee728b)
Start importing Assets/Tiles/Sonic_GBA_template/Tiles/Sonic_GBA_Template_11.asset using Guid(d3f6731dc0d6ad04881e2c94f51cea57) Importer(815301076,1909f56bfc062723c751e8b465ee728b)  -> (artifact id: 'd3e56f27056d0daa860f926aad9b3c8c') in 0.035613 seconds 
========================================================================
Received Import Request.
  Time since last request: 0.139452 seconds.
  path: Assets/Tiles/Sonic_GBA_template/Tiles/Sonic_GBA_Template_12.asset
  artifactKey: Guid(8e4a351306992394e85c56ce1f8aa186) Importer(815301076,1909f56bfc062723c751e8b465ee728b)
Start importing Assets/Tiles/Sonic_GBA_template/Tiles/Sonic_GBA_Template_12.asset using Guid(8e4a351306992394e85c56ce1f8aa186) Importer(815301076,1909f56bfc062723c751e8b465ee728b)  -> (artifact id: '36ed40f972c9d0acf45ae2d92d9dbe6c') in 0.038278 seconds 
========================================================================
Received Import Request.
  Time since last request: 0.128789 seconds.
  path: Assets/Tiles/Sonic_GBA_template/Tiles/Sonic_GBA_Template_13.asset
  artifactKey: Guid(43cfd9cf1188ce74098629e641da487c) Importer(815301076,1909f56bfc062723c751e8b465ee728b)
Start importing Assets/Tiles/Sonic_GBA_template/Tiles/Sonic_GBA_Template_13.asset using Guid(43cfd9cf1188ce74098629e641da487c) Importer(815301076,1909f56bfc062723c751e8b465ee728b)  -> (artifact id: '46503c387705d8e3b90f4eb61cda4f0a') in 0.029482 seconds 
========================================================================
Received Import Request.
  Time since last request: 0.143878 seconds.
  path: Assets/Tiles/Sonic_GBA_template/Tiles/Sonic_GBA_Template_14.asset
  artifactKey: Guid(1caab7a262045144f813184086cf6d35) Importer(815301076,1909f56bfc062723c751e8b465ee728b)
Start importing Assets/Tiles/Sonic_GBA_template/Tiles/Sonic_GBA_Template_14.asset using Guid(1caab7a262045144f813184086cf6d35) Importer(815301076,1909f56bfc062723c751e8b465ee728b)  -> (artifact id: '5d66e380b9737e9c0c135b57904837b6') in 0.032937 seconds 
========================================================================
Received Import Request.
  Time since last request: 0.119931 seconds.
  path: Assets/Tiles/Sonic_GBA_template/Tiles/Sonic_GBA_Template_15.asset
  artifactKey: Guid(f06477e5c79846740895a20456c3228c) Importer(815301076,1909f56bfc062723c751e8b465ee728b)
Start importing Assets/Tiles/Sonic_GBA_template/Tiles/Sonic_GBA_Template_15.asset using Guid(f06477e5c79846740895a20456c3228c) Importer(815301076,1909f56bfc062723c751e8b465ee728b)  -> (artifact id: '3ecca3c3b6757bf21c43018bfef80a06') in 0.039152 seconds 
========================================================================
Received Import Request.
  Time since last request: 0.097946 seconds.
  path: Assets/Tiles/Sonic_GBA_template/Tiles/Sonic_GBA_Template_16.asset
  artifactKey: Guid(3c33cbc61448f644c8c71bc6e097d35e) Importer(815301076,1909f56bfc062723c751e8b465ee728b)
Start importing Assets/Tiles/Sonic_GBA_template/Tiles/Sonic_GBA_Template_16.asset using Guid(3c33cbc61448f644c8c71bc6e097d35e) Importer(815301076,1909f56bfc062723c751e8b465ee728b)  -> (artifact id: 'f9d4d44211542cb51f275be86eb4aef1') in 0.046201 seconds 
========================================================================
Received Import Request.
  Time since last request: 0.139320 seconds.
  path: Assets/Tiles/Sonic_GBA_template/Tiles/Sonic_GBA_Template_17.asset
  artifactKey: Guid(e2a9208e44503d54b92b9d8b1c3f4052) Importer(815301076,1909f56bfc062723c751e8b465ee728b)
Start importing Assets/Tiles/Sonic_GBA_template/Tiles/Sonic_GBA_Template_17.asset using Guid(e2a9208e44503d54b92b9d8b1c3f4052) Importer(815301076,1909f56bfc062723c751e8b465ee728b)  -> (artifact id: '8d1b844b2aadd82938eb0395b4bbf4e8') in 0.054773 seconds 
========================================================================
Received Import Request.
  Time since last request: 0.042206 seconds.
  path: Assets/Tiles/Sonic_GBA_template/Tiles/Sonic_GBA_Template_18.asset
  artifactKey: Guid(76ae81fe50fc87047b24b8537d21513b) Importer(815301076,1909f56bfc062723c751e8b465ee728b)
Start importing Assets/Tiles/Sonic_GBA_template/Tiles/Sonic_GBA_Template_18.asset using Guid(76ae81fe50fc87047b24b8537d21513b) Importer(815301076,1909f56bfc062723c751e8b465ee728b)  -> (artifact id: 'ae98e42a65fa4c9a17a8101c742be958') in 0.034693 seconds 
========================================================================
Received Import Request.
  Time since last request: 0.101455 seconds.
  path: Assets/Tiles/Sonic_GBA_template/Tiles/Sonic_GBA_Template_19.asset
  artifactKey: Guid(a9002ea85e14f8a44bafb128c6fca9e8) Importer(815301076,1909f56bfc062723c751e8b465ee728b)
Start importing Assets/Tiles/Sonic_GBA_template/Tiles/Sonic_GBA_Template_19.asset using Guid(a9002ea85e14f8a44bafb128c6fca9e8) Importer(815301076,1909f56bfc062723c751e8b465ee728b)  -> (artifact id: 'f4c72fa423e190757db2f07513ba57de') in 0.034787 seconds 
========================================================================
Received Import Request.
  Time since last request: 0.074672 seconds.
  path: Assets/Tiles/Sonic_GBA_template/Tiles/Sonic_GBA_Template_20.asset
  artifactKey: Guid(d8fad19e38feb264a9f8926eb94cd7a1) Importer(815301076,1909f56bfc062723c751e8b465ee728b)
Start importing Assets/Tiles/Sonic_GBA_template/Tiles/Sonic_GBA_Template_20.asset using Guid(d8fad19e38feb264a9f8926eb94cd7a1) Importer(815301076,1909f56bfc062723c751e8b465ee728b)  -> (artifact id: 'c91764ba2b98c3c04a7b66dbb9419274') in 0.038278 seconds 
========================================================================
Received Import Request.
  Time since last request: 0.133683 seconds.
  path: Assets/Tiles/Sonic_GBA_template/Tiles/Sonic_GBA_Template_21.asset
  artifactKey: Guid(a751cd4151e73a548b70164e9264a9c6) Importer(815301076,1909f56bfc062723c751e8b465ee728b)
Start importing Assets/Tiles/Sonic_GBA_template/Tiles/Sonic_GBA_Template_21.asset using Guid(a751cd4151e73a548b70164e9264a9c6) Importer(815301076,1909f56bfc062723c751e8b465ee728b)  -> (artifact id: 'f2e75819d0bef955c25a2eed7c6c22fa') in 0.037454 seconds 
========================================================================
Received Import Request.
  Time since last request: 0.116170 seconds.
  path: Assets/Tiles/Sonic_GBA_template/Tiles/Sonic_GBA_Template_22.asset
  artifactKey: Guid(69eeb921d7909cb43901daf1252aeab1) Importer(815301076,1909f56bfc062723c751e8b465ee728b)
Start importing Assets/Tiles/Sonic_GBA_template/Tiles/Sonic_GBA_Template_22.asset using Guid(69eeb921d7909cb43901daf1252aeab1) Importer(815301076,1909f56bfc062723c751e8b465ee728b)  -> (artifact id: '80a55060b86b107e8ad1378abd688d50') in 0.035416 seconds 
========================================================================
Received Import Request.
  Time since last request: 0.113917 seconds.
  path: Assets/Tiles/Sonic_GBA_template/Tiles/Sonic_GBA_Template_23.asset
  artifactKey: Guid(91f290cb7b2fd68409af6242da77eaef) Importer(815301076,1909f56bfc062723c751e8b465ee728b)
Start importing Assets/Tiles/Sonic_GBA_template/Tiles/Sonic_GBA_Template_23.asset using Guid(91f290cb7b2fd68409af6242da77eaef) Importer(815301076,1909f56bfc062723c751e8b465ee728b)  -> (artifact id: '5a2aaf21c4bf425e03679c255ae88f4c') in 0.033404 seconds 
========================================================================
Received Import Request.
  Time since last request: 0.128583 seconds.
  path: Assets/Tiles/Sonic_GBA_template/Tiles/Sonic_GBA_Template_24.asset
  artifactKey: Guid(615fc2318d6c9da408a345d4ebdd16cb) Importer(815301076,1909f56bfc062723c751e8b465ee728b)
Start importing Assets/Tiles/Sonic_GBA_template/Tiles/Sonic_GBA_Template_24.asset using Guid(615fc2318d6c9da408a345d4ebdd16cb) Importer(815301076,1909f56bfc062723c751e8b465ee728b)  -> (artifact id: '99be84f92f03646352c344db39e6cea2') in 0.034287 seconds 
========================================================================
Received Import Request.
  Time since last request: 0.110962 seconds.
  path: Assets/Tiles/Sonic_GBA_template/Tiles/Sonic_GBA_Template_25.asset
  artifactKey: Guid(a1717b548844d2f43ac8dddc1d361c06) Importer(815301076,1909f56bfc062723c751e8b465ee728b)
Start importing Assets/Tiles/Sonic_GBA_template/Tiles/Sonic_GBA_Template_25.asset using Guid(a1717b548844d2f43ac8dddc1d361c06) Importer(815301076,1909f56bfc062723c751e8b465ee728b)  -> (artifact id: 'f85b7124f575fcba42520a44ef887a7f') in 0.031031 seconds 
========================================================================
Received Import Request.
  Time since last request: 0.092273 seconds.
  path: Assets/Tiles/Sonic_GBA_template/Tiles/Sonic_GBA_Template_26.asset
  artifactKey: Guid(c0a8c86f64328a942bf86bac679275d9) Importer(815301076,1909f56bfc062723c751e8b465ee728b)
Start importing Assets/Tiles/Sonic_GBA_template/Tiles/Sonic_GBA_Template_26.asset using Guid(c0a8c86f64328a942bf86bac679275d9) Importer(815301076,1909f56bfc062723c751e8b465ee728b)  -> (artifact id: '008e503bfe369400fa8c04c5da1736a2') in 0.030211 seconds 
========================================================================
Received Import Request.
  Time since last request: 0.148239 seconds.
  path: Assets/Tiles/Sonic_GBA_template/Tiles/Sonic_GBA_Template_27.asset
  artifactKey: Guid(2929ce0157f3bba47b7ada655cf4747a) Importer(815301076,1909f56bfc062723c751e8b465ee728b)
Start importing Assets/Tiles/Sonic_GBA_template/Tiles/Sonic_GBA_Template_27.asset using Guid(2929ce0157f3bba47b7ada655cf4747a) Importer(815301076,1909f56bfc062723c751e8b465ee728b)  -> (artifact id: 'e315f3fc78e81c4d7a8f982b084c6f63') in 0.037802 seconds 
========================================================================
Received Import Request.
  Time since last request: 0.112172 seconds.
  path: Assets/Tiles/Sonic_GBA_template/Tiles/Sonic_GBA_Template_28.asset
  artifactKey: Guid(9e8e97e1ac732c549955613e89b6885c) Importer(815301076,1909f56bfc062723c751e8b465ee728b)
Start importing Assets/Tiles/Sonic_GBA_template/Tiles/Sonic_GBA_Template_28.asset using Guid(9e8e97e1ac732c549955613e89b6885c) Importer(815301076,1909f56bfc062723c751e8b465ee728b)  -> (artifact id: '5795b688bc39e6bc123d89b4f3de4327') in 0.032454 seconds 
========================================================================
Received Import Request.
  Time since last request: 0.126018 seconds.
  path: Assets/Tiles/Sonic_GBA_template/Tiles/Sonic_GBA_Template_29.asset
  artifactKey: Guid(8c801ae9610cdf349b19de48694bad33) Importer(815301076,1909f56bfc062723c751e8b465ee728b)
Start importing Assets/Tiles/Sonic_GBA_template/Tiles/Sonic_GBA_Template_29.asset using Guid(8c801ae9610cdf349b19de48694bad33) Importer(815301076,1909f56bfc062723c751e8b465ee728b)  -> (artifact id: '225014735aea2d30d72ec7b2e25a6534') in 0.029924 seconds 
========================================================================
Received Import Request.
  Time since last request: 0.129673 seconds.
  path: Assets/Tiles/Sonic_GBA_template/Tiles/Sonic_GBA_Template_30.asset
  artifactKey: Guid(dfac826a12524664ebe76a0707dfde1e) Importer(815301076,1909f56bfc062723c751e8b465ee728b)
Start importing Assets/Tiles/Sonic_GBA_template/Tiles/Sonic_GBA_Template_30.asset using Guid(dfac826a12524664ebe76a0707dfde1e) Importer(815301076,1909f56bfc062723c751e8b465ee728b)  -> (artifact id: '84579ff477ee10153feefd98c8ef1f10') in 0.035863 seconds 
========================================================================
Received Import Request.
  Time since last request: 0.129678 seconds.
  path: Assets/Tiles/Sonic_GBA_template/Tiles/Sonic_GBA_Template_31.asset
  artifactKey: Guid(b8cabefca4340d244b15caf4026ccda6) Importer(815301076,1909f56bfc062723c751e8b465ee728b)
Start importing Assets/Tiles/Sonic_GBA_template/Tiles/Sonic_GBA_Template_31.asset using Guid(b8cabefca4340d244b15caf4026ccda6) Importer(815301076,1909f56bfc062723c751e8b465ee728b)  -> (artifact id: 'a3900f2361c65db93b77a86566b031d6') in 0.031512 seconds 
========================================================================
Received Import Request.
  Time since last request: 0.118256 seconds.
  path: Assets/Tiles/Sonic_GBA_template/Tiles/Sonic_GBA_Template_32.asset
  artifactKey: Guid(a9e5bb64a0f41c64bb89e7ce175258e9) Importer(815301076,1909f56bfc062723c751e8b465ee728b)
Start importing Assets/Tiles/Sonic_GBA_template/Tiles/Sonic_GBA_Template_32.asset using Guid(a9e5bb64a0f41c64bb89e7ce175258e9) Importer(815301076,1909f56bfc062723c751e8b465ee728b)  -> (artifact id: '3c7816ef5e6083d61dce0d1b60436dd2') in 0.032846 seconds 
========================================================================
Received Import Request.
  Time since last request: 0.138425 seconds.
  path: Assets/Tiles/Sonic_GBA_template/Tiles/Sonic_GBA_Template_33.asset
  artifactKey: Guid(17542bc83805e4e41847a0604b64561c) Importer(815301076,1909f56bfc062723c751e8b465ee728b)
Start importing Assets/Tiles/Sonic_GBA_template/Tiles/Sonic_GBA_Template_33.asset using Guid(17542bc83805e4e41847a0604b64561c) Importer(815301076,1909f56bfc062723c751e8b465ee728b)  -> (artifact id: '58e68055092b955632866e6a7c439d22') in 0.030196 seconds 
========================================================================
Received Import Request.
  Time since last request: 0.146170 seconds.
  path: Assets/Tiles/Sonic_GBA_template/Tiles/Sonic_GBA_Template_34.asset
  artifactKey: Guid(77485ffde47a95c4287f2d1c6a1b74c3) Importer(815301076,1909f56bfc062723c751e8b465ee728b)
Start importing Assets/Tiles/Sonic_GBA_template/Tiles/Sonic_GBA_Template_34.asset using Guid(77485ffde47a95c4287f2d1c6a1b74c3) Importer(815301076,1909f56bfc062723c751e8b465ee728b)  -> (artifact id: 'fd69ab1b4099b0de3e5022bf8c115fbf') in 0.035399 seconds 
========================================================================
Received Import Request.
  Time since last request: 0.131180 seconds.
  path: Assets/Tiles/Sonic_GBA_template/Tiles/Sonic_GBA_Template_35.asset
  artifactKey: Guid(ba742e4eccca9b14da1c314a473437bf) Importer(815301076,1909f56bfc062723c751e8b465ee728b)
Start importing Assets/Tiles/Sonic_GBA_template/Tiles/Sonic_GBA_Template_35.asset using Guid(ba742e4eccca9b14da1c314a473437bf) Importer(815301076,1909f56bfc062723c751e8b465ee728b)  -> (artifact id: 'd0dd36e26d9bfb8e4de94c82f7ff8b9b') in 0.035643 seconds 
========================================================================
Received Import Request.
  Time since last request: 0.130476 seconds.
  path: Assets/Tiles/Sonic_GBA_template/Tiles/Sonic_GBA_Template_36.asset
  artifactKey: Guid(0d8ec11d283a66c45b90839b4b92e924) Importer(815301076,1909f56bfc062723c751e8b465ee728b)
Start importing Assets/Tiles/Sonic_GBA_template/Tiles/Sonic_GBA_Template_36.asset using Guid(0d8ec11d283a66c45b90839b4b92e924) Importer(815301076,1909f56bfc062723c751e8b465ee728b)  -> (artifact id: '1cf3a01e3236b29914b8ea02c6cff28a') in 0.032710 seconds 
========================================================================
Received Import Request.
  Time since last request: 0.134751 seconds.
  path: Assets/Tiles/Sonic_GBA_template/Tiles/Sonic_GBA_Template_37.asset
  artifactKey: Guid(8acb6b043953a35418038b9ea1798cb1) Importer(815301076,1909f56bfc062723c751e8b465ee728b)
Start importing Assets/Tiles/Sonic_GBA_template/Tiles/Sonic_GBA_Template_37.asset using Guid(8acb6b043953a35418038b9ea1798cb1) Importer(815301076,1909f56bfc062723c751e8b465ee728b)  -> (artifact id: 'a7f6dbad2d7084886230d045b1fd09d7') in 0.035210 seconds 
========================================================================
Received Import Request.
  Time since last request: 0.137169 seconds.
  path: Assets/Tiles/Sonic_GBA_template/Tiles/Sonic_GBA_Template_38.asset
  artifactKey: Guid(ecbdd4000d5c5124ca759cb7b942194a) Importer(815301076,1909f56bfc062723c751e8b465ee728b)
Start importing Assets/Tiles/Sonic_GBA_template/Tiles/Sonic_GBA_Template_38.asset using Guid(ecbdd4000d5c5124ca759cb7b942194a) Importer(815301076,1909f56bfc062723c751e8b465ee728b)  -> (artifact id: '71dc33556e50d1aa9ce14530513eed50') in 0.035488 seconds 
========================================================================
Received Import Request.
  Time since last request: 0.133664 seconds.
  path: Assets/Tiles/Sonic_GBA_template/Tiles/Sonic_GBA_Template_39.asset
  artifactKey: Guid(0b1172d94ffba1143beb423b49aa5aaf) Importer(815301076,1909f56bfc062723c751e8b465ee728b)
Start importing Assets/Tiles/Sonic_GBA_template/Tiles/Sonic_GBA_Template_39.asset using Guid(0b1172d94ffba1143beb423b49aa5aaf) Importer(815301076,1909f56bfc062723c751e8b465ee728b)  -> (artifact id: '4f263fbeac1cadfa9f1d7fb83136dd20') in 0.032970 seconds 
========================================================================
Received Import Request.
  Time since last request: 0.149516 seconds.
  path: Assets/Tiles/Sonic_GBA_template/Tiles/Sonic_GBA_Template_40.asset
  artifactKey: Guid(3de99a99236bee04aaabdea7a4cd6391) Importer(815301076,1909f56bfc062723c751e8b465ee728b)
Start importing Assets/Tiles/Sonic_GBA_template/Tiles/Sonic_GBA_Template_40.asset using Guid(3de99a99236bee04aaabdea7a4cd6391) Importer(815301076,1909f56bfc062723c751e8b465ee728b)  -> (artifact id: '9b361d5cc371a6707134d0d30c449128') in 0.030386 seconds 
========================================================================
Received Import Request.
  Time since last request: 0.159185 seconds.
  path: Assets/Tiles/Sonic_GBA_template/Tiles/Sonic_GBA_Template_41.asset
  artifactKey: Guid(d4d860bc636135a458cf4811aad62802) Importer(815301076,1909f56bfc062723c751e8b465ee728b)
Start importing Assets/Tiles/Sonic_GBA_template/Tiles/Sonic_GBA_Template_41.asset using Guid(d4d860bc636135a458cf4811aad62802) Importer(815301076,1909f56bfc062723c751e8b465ee728b)  -> (artifact id: '41715968e9818aabc62edffb1e478711') in 0.031522 seconds 
========================================================================
Received Import Request.
  Time since last request: 0.136490 seconds.
  path: Assets/Tiles/Sonic_GBA_template/Tiles/Sonic_GBA_Template_42.asset
  artifactKey: Guid(97730c4aeb340cc4480e049dde208c6e) Importer(815301076,1909f56bfc062723c751e8b465ee728b)
Start importing Assets/Tiles/Sonic_GBA_template/Tiles/Sonic_GBA_Template_42.asset using Guid(97730c4aeb340cc4480e049dde208c6e) Importer(815301076,1909f56bfc062723c751e8b465ee728b)  -> (artifact id: 'e9ac28366f35ba12b110d8b5a929055d') in 0.035487 seconds 
========================================================================
Received Import Request.
  Time since last request: 0.182756 seconds.
  path: Assets/Tiles/Sonic_GBA_template/Tiles/Sonic_GBA_Template_43.asset
  artifactKey: Guid(57949d98eca8f054cb84aa80c3df0c17) Importer(815301076,1909f56bfc062723c751e8b465ee728b)
Start importing Assets/Tiles/Sonic_GBA_template/Tiles/Sonic_GBA_Template_43.asset using Guid(57949d98eca8f054cb84aa80c3df0c17) Importer(815301076,1909f56bfc062723c751e8b465ee728b)  -> (artifact id: 'fcba1e527e02d429b596622c445b42a5') in 0.035133 seconds 
========================================================================
Received Import Request.
  Time since last request: 0.336293 seconds.
  path: Assets/Tiles/Sonic_GBA_template/Tiles/Sonic_GBA_Template_44.asset
  artifactKey: Guid(8304b2131a0ff4a4c82d292442493dfe) Importer(815301076,1909f56bfc062723c751e8b465ee728b)
Start importing Assets/Tiles/Sonic_GBA_template/Tiles/Sonic_GBA_Template_44.asset using Guid(8304b2131a0ff4a4c82d292442493dfe) Importer(815301076,1909f56bfc062723c751e8b465ee728b)  -> (artifact id: 'c9b3b4559d53bbc68f739bb026ef509f') in 0.031391 seconds 
========================================================================
Received Import Request.
  Time since last request: 0.244112 seconds.
  path: Assets/Tiles/Sonic_GBA_template/Tiles/Sonic_GBA_Template_45.asset
  artifactKey: Guid(aa79b8756aa47d54ea40bad6af3a078b) Importer(815301076,1909f56bfc062723c751e8b465ee728b)
Start importing Assets/Tiles/Sonic_GBA_template/Tiles/Sonic_GBA_Template_45.asset using Guid(aa79b8756aa47d54ea40bad6af3a078b) Importer(815301076,1909f56bfc062723c751e8b465ee728b)  -> (artifact id: '28ae75aa26ce4def81cc7380343c2b36') in 0.029741 seconds 
========================================================================
Received Import Request.
  Time since last request: 0.219518 seconds.
  path: Assets/Tiles/Sonic_GBA_template/Tiles/Sonic_GBA_Template_46.asset
  artifactKey: Guid(200c37b88fb74e2499b98714e4471486) Importer(815301076,1909f56bfc062723c751e8b465ee728b)
Start importing Assets/Tiles/Sonic_GBA_template/Tiles/Sonic_GBA_Template_46.asset using Guid(200c37b88fb74e2499b98714e4471486) Importer(815301076,1909f56bfc062723c751e8b465ee728b)  -> (artifact id: '3cfc81291ff17c4722d95db8ab85d659') in 0.031489 seconds 
========================================================================
Received Import Request.
  Time since last request: 0.166882 seconds.
  path: Assets/Tiles/Sonic_GBA_template/Tiles/Sonic_GBA_Template_47.asset
  artifactKey: Guid(bf205594517779f4f89df410c7a2493f) Importer(815301076,1909f56bfc062723c751e8b465ee728b)
Start importing Assets/Tiles/Sonic_GBA_template/Tiles/Sonic_GBA_Template_47.asset using Guid(bf205594517779f4f89df410c7a2493f) Importer(815301076,1909f56bfc062723c751e8b465ee728b)  -> (artifact id: '3e3e420e39bd9b752671d299d2575d2d') in 0.029757 seconds 
========================================================================
Received Import Request.
  Time since last request: 0.135801 seconds.
  path: Assets/Tiles/Sonic_GBA_template/Tiles/Sonic_GBA_Template_48.asset
  artifactKey: Guid(e8b3ec61a1444c040a34f93cdc19c64b) Importer(815301076,1909f56bfc062723c751e8b465ee728b)
Start importing Assets/Tiles/Sonic_GBA_template/Tiles/Sonic_GBA_Template_48.asset using Guid(e8b3ec61a1444c040a34f93cdc19c64b) Importer(815301076,1909f56bfc062723c751e8b465ee728b)  -> (artifact id: '72850e700b185d6beac390791eb87c6a') in 0.030029 seconds 
========================================================================
Received Import Request.
  Time since last request: 0.159312 seconds.
  path: Assets/Tiles/Sonic_GBA_template/Tiles/Sonic_GBA_Template_49.asset
  artifactKey: Guid(178154737c4aeef41b0d0134911bf496) Importer(815301076,1909f56bfc062723c751e8b465ee728b)
Start importing Assets/Tiles/Sonic_GBA_template/Tiles/Sonic_GBA_Template_49.asset using Guid(178154737c4aeef41b0d0134911bf496) Importer(815301076,1909f56bfc062723c751e8b465ee728b)  -> (artifact id: '90a629d4dae4f1ded560c23c0914680e') in 0.029010 seconds 
========================================================================
Received Import Request.
  Time since last request: 0.191534 seconds.
  path: Assets/Tiles/Sonic_GBA_template/Tiles/Sonic_GBA_Template_50.asset
  artifactKey: Guid(2a21238080c8e774898348f56e849043) Importer(815301076,1909f56bfc062723c751e8b465ee728b)
Start importing Assets/Tiles/Sonic_GBA_template/Tiles/Sonic_GBA_Template_50.asset using Guid(2a21238080c8e774898348f56e849043) Importer(815301076,1909f56bfc062723c751e8b465ee728b)  -> (artifact id: 'c3a9ca061a11e31414753dd72ecc01e0') in 0.031629 seconds 
========================================================================
Received Import Request.
  Time since last request: 0.206726 seconds.
  path: Assets/Tiles/Sonic_GBA_template/Tiles/Sonic_GBA_Template_51.asset
  artifactKey: Guid(91f69bd31ca71754cbe61f57d9efc3a4) Importer(815301076,1909f56bfc062723c751e8b465ee728b)
Start importing Assets/Tiles/Sonic_GBA_template/Tiles/Sonic_GBA_Template_51.asset using Guid(91f69bd31ca71754cbe61f57d9efc3a4) Importer(815301076,1909f56bfc062723c751e8b465ee728b)  -> (artifact id: 'a60117b1ba29a502cdda9f588c4dfa49') in 0.035183 seconds 
========================================================================
Received Import Request.
  Time since last request: 0.319909 seconds.
  path: Assets/Tiles/Sonic_GBA_template/Tiles/Sonic_GBA_Template_52.asset
  artifactKey: Guid(6fe6d5546285c20428762e7fdb1a0e34) Importer(815301076,1909f56bfc062723c751e8b465ee728b)
Start importing Assets/Tiles/Sonic_GBA_template/Tiles/Sonic_GBA_Template_52.asset using Guid(6fe6d5546285c20428762e7fdb1a0e34) Importer(815301076,1909f56bfc062723c751e8b465ee728b)  -> (artifact id: 'e995c18afb5eb3cdff478e993df9ce5d') in 0.033093 seconds 
========================================================================
Received Import Request.
  Time since last request: 0.162197 seconds.
  path: Assets/Tiles/Sonic_GBA_template/Tiles/Sonic_GBA_Template_53.asset
  artifactKey: Guid(5fae781189053134d87f196889354066) Importer(815301076,1909f56bfc062723c751e8b465ee728b)
Start importing Assets/Tiles/Sonic_GBA_template/Tiles/Sonic_GBA_Template_53.asset using Guid(5fae781189053134d87f196889354066) Importer(815301076,1909f56bfc062723c751e8b465ee728b)  -> (artifact id: '1604e0c28d1f6c677d1dc0468d4e1446') in 0.030961 seconds 
========================================================================
Received Import Request.
  Time since last request: 0.153376 seconds.
  path: Assets/Tiles/Sonic_GBA_template/Tiles/Sonic_GBA_Template_54.asset
  artifactKey: Guid(7f8503266d2776047b82ebb521533722) Importer(815301076,1909f56bfc062723c751e8b465ee728b)
Start importing Assets/Tiles/Sonic_GBA_template/Tiles/Sonic_GBA_Template_54.asset using Guid(7f8503266d2776047b82ebb521533722) Importer(815301076,1909f56bfc062723c751e8b465ee728b)  -> (artifact id: 'a83623f11d65ce966434dcb6d11455d6') in 0.033075 seconds 
========================================================================
Received Import Request.
  Time since last request: 0.126026 seconds.
  path: Assets/Tiles/Sonic_GBA_template/Tiles/Sonic_GBA_Template_55.asset
  artifactKey: Guid(c55c0e482d3239a47a97001a785e9897) Importer(815301076,1909f56bfc062723c751e8b465ee728b)
Start importing Assets/Tiles/Sonic_GBA_template/Tiles/Sonic_GBA_Template_55.asset using Guid(c55c0e482d3239a47a97001a785e9897) Importer(815301076,1909f56bfc062723c751e8b465ee728b)  -> (artifact id: 'b9784dabfa3b3c0ebca111420be8a42d') in 0.029477 seconds 
========================================================================
Received Import Request.
  Time since last request: 0.127691 seconds.
  path: Assets/Tiles/Sonic_GBA_template/Tiles/Sonic_GBA_Template_56.asset
  artifactKey: Guid(ae3463f245bf47a4f9e8fca29783f10b) Importer(815301076,1909f56bfc062723c751e8b465ee728b)
Start importing Assets/Tiles/Sonic_GBA_template/Tiles/Sonic_GBA_Template_56.asset using Guid(ae3463f245bf47a4f9e8fca29783f10b) Importer(815301076,1909f56bfc062723c751e8b465ee728b)  -> (artifact id: '103b36ad9355c33f7ddd8c71377d3592') in 0.031801 seconds 
========================================================================
Received Import Request.
  Time since last request: 0.139922 seconds.
  path: Assets/Tiles/Sonic_GBA_template/Tiles/Sonic_GBA_Template_57.asset
  artifactKey: Guid(0a181ed9e35e45c4d8a042e9c46c0839) Importer(815301076,1909f56bfc062723c751e8b465ee728b)
Start importing Assets/Tiles/Sonic_GBA_template/Tiles/Sonic_GBA_Template_57.asset using Guid(0a181ed9e35e45c4d8a042e9c46c0839) Importer(815301076,1909f56bfc062723c751e8b465ee728b)  -> (artifact id: '1dc854f63c02dcd3ff22d798490e2e62') in 0.029709 seconds 
========================================================================
Received Import Request.
  Time since last request: 0.130777 seconds.
  path: Assets/Tiles/Sonic_GBA_template/Tiles/Sonic_GBA_Template_58.asset
  artifactKey: Guid(5e9823c95db226d48bfd7ee6f71cdb8f) Importer(815301076,1909f56bfc062723c751e8b465ee728b)
Start importing Assets/Tiles/Sonic_GBA_template/Tiles/Sonic_GBA_Template_58.asset using Guid(5e9823c95db226d48bfd7ee6f71cdb8f) Importer(815301076,1909f56bfc062723c751e8b465ee728b)  -> (artifact id: 'b72531b159d8b976c7789623da182ffe') in 0.032611 seconds 
========================================================================
Received Import Request.
  Time since last request: 0.147400 seconds.
  path: Assets/Tiles/Sonic_GBA_template/Tiles/Sonic_GBA_Template_59.asset
  artifactKey: Guid(6483e4abc23f62746857f73a1e467fab) Importer(815301076,1909f56bfc062723c751e8b465ee728b)
Start importing Assets/Tiles/Sonic_GBA_template/Tiles/Sonic_GBA_Template_59.asset using Guid(6483e4abc23f62746857f73a1e467fab) Importer(815301076,1909f56bfc062723c751e8b465ee728b)  -> (artifact id: 'faa2793c0aab78ea5d76814b840ad810') in 0.031009 seconds 
========================================================================
Received Import Request.
  Time since last request: 0.119303 seconds.
  path: Assets/Tiles/Sonic_GBA_template/Tiles/Sonic_GBA_Template_60.asset
  artifactKey: Guid(5bc142adb4495164db02a873641ebf0e) Importer(815301076,1909f56bfc062723c751e8b465ee728b)
Start importing Assets/Tiles/Sonic_GBA_template/Tiles/Sonic_GBA_Template_60.asset using Guid(5bc142adb4495164db02a873641ebf0e) Importer(815301076,1909f56bfc062723c751e8b465ee728b)  -> (artifact id: '271025cac0d102c7c2e33bda6011532e') in 0.029489 seconds 
========================================================================
Received Import Request.
  Time since last request: 0.124933 seconds.
  path: Assets/Tiles/Sonic_GBA_template/Tiles/Sonic_GBA_Template_61.asset
  artifactKey: Guid(be1dfc977219fe347803a25a820da51b) Importer(815301076,1909f56bfc062723c751e8b465ee728b)
Start importing Assets/Tiles/Sonic_GBA_template/Tiles/Sonic_GBA_Template_61.asset using Guid(be1dfc977219fe347803a25a820da51b) Importer(815301076,1909f56bfc062723c751e8b465ee728b)  -> (artifact id: '6f2f908ffa6ccc28ec193bc84f9ca409') in 0.029298 seconds 
========================================================================
Received Import Request.
  Time since last request: 0.158291 seconds.
  path: Assets/Tiles/Sonic_GBA_template/Tiles/Sonic_GBA_Template_62.asset
  artifactKey: Guid(861b56157c7618345ba8a306fb752750) Importer(815301076,1909f56bfc062723c751e8b465ee728b)
Start importing Assets/Tiles/Sonic_GBA_template/Tiles/Sonic_GBA_Template_62.asset using Guid(861b56157c7618345ba8a306fb752750) Importer(815301076,1909f56bfc062723c751e8b465ee728b)  -> (artifact id: '890ffc99adee8b0459b8be8a19097d35') in 0.036848 seconds 
========================================================================
Received Import Request.
  Time since last request: 0.098815 seconds.
  path: Assets/Tiles/Sonic_GBA_template/Tiles/Sonic_GBA_Template_63.asset
  artifactKey: Guid(7b9bdcd430766d44e8536399085f62d1) Importer(815301076,1909f56bfc062723c751e8b465ee728b)
Start importing Assets/Tiles/Sonic_GBA_template/Tiles/Sonic_GBA_Template_63.asset using Guid(7b9bdcd430766d44e8536399085f62d1) Importer(815301076,1909f56bfc062723c751e8b465ee728b)  -> (artifact id: 'd63426c30860e975974ff7cd66854111') in 0.029688 seconds 
========================================================================
Received Import Request.
  Time since last request: 0.128169 seconds.
  path: Assets/Tiles/Sonic_GBA_template/Tiles/Sonic_GBA_Template_64.asset
  artifactKey: Guid(252bf63a5b88a0742915c74e979f0954) Importer(815301076,1909f56bfc062723c751e8b465ee728b)
Start importing Assets/Tiles/Sonic_GBA_template/Tiles/Sonic_GBA_Template_64.asset using Guid(252bf63a5b88a0742915c74e979f0954) Importer(815301076,1909f56bfc062723c751e8b465ee728b)  -> (artifact id: 'f29e79869ecb2fa93690e630dbd9ee15') in 0.028449 seconds 
========================================================================
Received Import Request.
  Time since last request: 0.159680 seconds.
  path: Assets/Tiles/Sonic_GBA_template/Tiles/Sonic_GBA_Template_65.asset
  artifactKey: Guid(ca7d15bf0034a2d41a42bb9e8aafbe2d) Importer(815301076,1909f56bfc062723c751e8b465ee728b)
Start importing Assets/Tiles/Sonic_GBA_template/Tiles/Sonic_GBA_Template_65.asset using Guid(ca7d15bf0034a2d41a42bb9e8aafbe2d) Importer(815301076,1909f56bfc062723c751e8b465ee728b)  -> (artifact id: 'df7a5ec4731e8ddb201a42797fd5e68d') in 0.031947 seconds 
========================================================================
Received Import Request.
  Time since last request: 0.126482 seconds.
  path: Assets/Tiles/Sonic_GBA_template/Tiles/Sonic_GBA_Template_66.asset
  artifactKey: Guid(4b27e39309033a142978a96900460a1c) Importer(815301076,1909f56bfc062723c751e8b465ee728b)
Start importing Assets/Tiles/Sonic_GBA_template/Tiles/Sonic_GBA_Template_66.asset using Guid(4b27e39309033a142978a96900460a1c) Importer(815301076,1909f56bfc062723c751e8b465ee728b)  -> (artifact id: 'f1ce3a8b7f0e3f272987e697d1f56036') in 0.033078 seconds 
========================================================================
Received Import Request.
  Time since last request: 0.456504 seconds.
  path: Assets/Tiles/Sonic_GBA_template/Tiles/Sonic_GBA_Template_67.asset
  artifactKey: Guid(ad5ec1aa20e0a384e9a7c921df8fc154) Importer(815301076,1909f56bfc062723c751e8b465ee728b)
Start importing Assets/Tiles/Sonic_GBA_template/Tiles/Sonic_GBA_Template_67.asset using Guid(ad5ec1aa20e0a384e9a7c921df8fc154) Importer(815301076,1909f56bfc062723c751e8b465ee728b)  -> (artifact id: '5a1bbfc74398f5c8d3ecddcd9da6b9a5') in 0.031358 seconds 
========================================================================
Received Import Request.
  Time since last request: 0.000020 seconds.
  path: Assets/Tiles/Sonic_GBA_template/Tiles/Sonic_GBA_Template_68.asset
  artifactKey: Guid(08b1fa4e605244c4a84bb4911c043c32) Importer(815301076,1909f56bfc062723c751e8b465ee728b)
Start importing Assets/Tiles/Sonic_GBA_template/Tiles/Sonic_GBA_Template_68.asset using Guid(08b1fa4e605244c4a84bb4911c043c32) Importer(815301076,1909f56bfc062723c751e8b465ee728b)  -> (artifact id: '2e31c5cb069c737a64f564ad492fae03') in 0.028548 seconds 
========================================================================
Received Import Request.
  Time since last request: 0.074989 seconds.
  path: Assets/Tiles/Sonic_GBA_template/Tiles/Sonic_GBA_Template_69.asset
  artifactKey: Guid(78710bbb84185934c8f49e74fce33a80) Importer(815301076,1909f56bfc062723c751e8b465ee728b)
Start importing Assets/Tiles/Sonic_GBA_template/Tiles/Sonic_GBA_Template_69.asset using Guid(78710bbb84185934c8f49e74fce33a80) Importer(815301076,1909f56bfc062723c751e8b465ee728b)  -> (artifact id: '98a233bfbe9064632ab059e4039c0687') in 0.028882 seconds 
========================================================================
Received Import Request.
  Time since last request: 0.483296 seconds.
  path: Assets/Tiles/Sonic_GBA_template/Tiles/Sonic_GBA_Template_70.asset
  artifactKey: Guid(ff15f38451ce3b945bce4558bbea40aa) Importer(815301076,1909f56bfc062723c751e8b465ee728b)
Start importing Assets/Tiles/Sonic_GBA_template/Tiles/Sonic_GBA_Template_70.asset using Guid(ff15f38451ce3b945bce4558bbea40aa) Importer(815301076,1909f56bfc062723c751e8b465ee728b)  -> (artifact id: 'd07822f8b537c8072d633748cb44f78d') in 0.033704 seconds 
========================================================================
Received Import Request.
  Time since last request: 0.000033 seconds.
  path: Assets/Tiles/Sonic_GBA_template/Tiles/Sonic_GBA_Template_71.asset
  artifactKey: Guid(f19e9d95da3c37946a9fbb9f4e9db284) Importer(815301076,1909f56bfc062723c751e8b465ee728b)
Start importing Assets/Tiles/Sonic_GBA_template/Tiles/Sonic_GBA_Template_71.asset using Guid(f19e9d95da3c37946a9fbb9f4e9db284) Importer(815301076,1909f56bfc062723c751e8b465ee728b)  -> (artifact id: '9dfd6e73a470fceb4573e485286bf967') in 0.032143 seconds 
========================================================================
Received Import Request.
  Time since last request: 0.024925 seconds.
  path: Assets/Tiles/Sonic_GBA_template/Tiles/Sonic_GBA_Template_73.asset
  artifactKey: Guid(7e06e2d795aa91d49b451cb2a09504d2) Importer(815301076,1909f56bfc062723c751e8b465ee728b)
Start importing Assets/Tiles/Sonic_GBA_template/Tiles/Sonic_GBA_Template_73.asset using Guid(7e06e2d795aa91d49b451cb2a09504d2) Importer(815301076,1909f56bfc062723c751e8b465ee728b)  -> (artifact id: '49b08f11b10d5c7be4e3e99f804a7d3a') in 0.032571 seconds 
========================================================================
Received Import Request.
  Time since last request: 0.000032 seconds.
  path: Assets/Tiles/Sonic_GBA_template/Tiles/Sonic_GBA_Template_74.asset
  artifactKey: Guid(6bcb0b00f4311784ea8109e407745b20) Importer(815301076,1909f56bfc062723c751e8b465ee728b)
Start importing Assets/Tiles/Sonic_GBA_template/Tiles/Sonic_GBA_Template_74.asset using Guid(6bcb0b00f4311784ea8109e407745b20) Importer(815301076,1909f56bfc062723c751e8b465ee728b)  -> (artifact id: '6650708aca4ad65a163a4745f8b4034b') in 0.029583 seconds 
========================================================================
Received Import Request.
  Time since last request: 0.000027 seconds.
  path: Assets/Tiles/Sonic_GBA_template/Tiles/Sonic_GBA_Template_75.asset
  artifactKey: Guid(4de7dec83c248c64498d503853318646) Importer(815301076,1909f56bfc062723c751e8b465ee728b)
Start importing Assets/Tiles/Sonic_GBA_template/Tiles/Sonic_GBA_Template_75.asset using Guid(4de7dec83c248c64498d503853318646) Importer(815301076,1909f56bfc062723c751e8b465ee728b)  -> (artifact id: 'df9d00a01a1006c33c17c7085d3212aa') in 0.031422 seconds 
========================================================================
Received Import Request.
  Time since last request: 0.000028 seconds.
  path: Assets/Tiles/Sonic_GBA_template/Tiles/Sonic_GBA_Template_77.asset
  artifactKey: Guid(08bd7e2e0e23e304798e2c35f17fe1e4) Importer(815301076,1909f56bfc062723c751e8b465ee728b)
Start importing Assets/Tiles/Sonic_GBA_template/Tiles/Sonic_GBA_Template_77.asset using Guid(08bd7e2e0e23e304798e2c35f17fe1e4) Importer(815301076,1909f56bfc062723c751e8b465ee728b)  -> (artifact id: 'cd6fd1378aa0db73fbf9882e16b3eb9c') in 0.028079 seconds 
========================================================================
Received Import Request.
  Time since last request: 0.000034 seconds.
  path: Assets/Tiles/Sonic_GBA_template/Tiles/Sonic_GBA_Template_78.asset
  artifactKey: Guid(cef5d6541268ab14da716acd4ddb5d8c) Importer(815301076,1909f56bfc062723c751e8b465ee728b)
Start importing Assets/Tiles/Sonic_GBA_template/Tiles/Sonic_GBA_Template_78.asset using Guid(cef5d6541268ab14da716acd4ddb5d8c) Importer(815301076,1909f56bfc062723c751e8b465ee728b)  -> (artifact id: 'bd895624f717685d2dfac66c7d39cc9e') in 0.030086 seconds 
========================================================================
Received Import Request.
  Time since last request: 0.000026 seconds.
  path: Assets/Tiles/Sonic_GBA_template/Tiles/Sonic_GBA_Template_79.asset
  artifactKey: Guid(12ba05d4b51b9cf4a8d8e3a16cb112b6) Importer(815301076,1909f56bfc062723c751e8b465ee728b)
Start importing Assets/Tiles/Sonic_GBA_template/Tiles/Sonic_GBA_Template_79.asset using Guid(12ba05d4b51b9cf4a8d8e3a16cb112b6) Importer(815301076,1909f56bfc062723c751e8b465ee728b)  -> (artifact id: '4953ec6edf1e0941868372b1ceae98d0') in 0.030474 seconds 
========================================================================
Received Import Request.
  Time since last request: 0.000208 seconds.
  path: Assets/Tiles/Sonic_GBA_template/Tiles/Sonic_GBA_Template_80.asset
  artifactKey: Guid(34f8b7c6fb6650340819ebad7deea557) Importer(815301076,1909f56bfc062723c751e8b465ee728b)
Start importing Assets/Tiles/Sonic_GBA_template/Tiles/Sonic_GBA_Template_80.asset using Guid(34f8b7c6fb6650340819ebad7deea557) Importer(815301076,1909f56bfc062723c751e8b465ee728b)  -> (artifact id: '5bf7afea9ab58a58d648ffd182017e7c') in 0.029092 seconds 
========================================================================
Received Import Request.
  Time since last request: 0.000030 seconds.
  path: Assets/Tiles/Sonic_GBA_template/Tiles/Sonic_GBA_Template_81.asset
  artifactKey: Guid(7736c976a246a774eb2b338ec5467fed) Importer(815301076,1909f56bfc062723c751e8b465ee728b)
Start importing Assets/Tiles/Sonic_GBA_template/Tiles/Sonic_GBA_Template_81.asset using Guid(7736c976a246a774eb2b338ec5467fed) Importer(815301076,1909f56bfc062723c751e8b465ee728b)  -> (artifact id: '08cb6762f4af3bf6f718960608110b8f') in 0.031346 seconds 
========================================================================
Received Import Request.
  Time since last request: 0.000025 seconds.
  path: Assets/Tiles/Sonic_GBA_template/Tiles/Sonic_GBA_Template_82.asset
  artifactKey: Guid(1be950c74eaf51447b19dfd66d4aa587) Importer(815301076,1909f56bfc062723c751e8b465ee728b)
Start importing Assets/Tiles/Sonic_GBA_template/Tiles/Sonic_GBA_Template_82.asset using Guid(1be950c74eaf51447b19dfd66d4aa587) Importer(815301076,1909f56bfc062723c751e8b465ee728b)  -> (artifact id: 'a7bf19b09cb59d84b68b701b600f3e88') in 0.029729 seconds 
========================================================================
Received Import Request.
  Time since last request: 0.000045 seconds.
  path: Assets/Tiles/Sonic_GBA_template/Tiles/Sonic_GBA_Template_83.asset
  artifactKey: Guid(af171da1287273f49bdfce48b4e64262) Importer(815301076,1909f56bfc062723c751e8b465ee728b)
Start importing Assets/Tiles/Sonic_GBA_template/Tiles/Sonic_GBA_Template_83.asset using Guid(af171da1287273f49bdfce48b4e64262) Importer(815301076,1909f56bfc062723c751e8b465ee728b)  -> (artifact id: 'e8ca6b73a9b346d7f52af4a6230a03c3') in 0.032382 seconds 
========================================================================
Received Import Request.
  Time since last request: 0.000030 seconds.
  path: Assets/Tiles/Sonic_GBA_template/Tiles/Sonic_GBA_Template_84.asset
  artifactKey: Guid(f310b35b1507ada458d48757582eb65c) Importer(815301076,1909f56bfc062723c751e8b465ee728b)
Start importing Assets/Tiles/Sonic_GBA_template/Tiles/Sonic_GBA_Template_84.asset using Guid(f310b35b1507ada458d48757582eb65c) Importer(815301076,1909f56bfc062723c751e8b465ee728b)  -> (artifact id: '142d20225c30d2a13b6de987b2bf1c74') in 0.034036 seconds 
========================================================================
Received Import Request.
  Time since last request: 0.000025 seconds.
  path: Assets/Tiles/Sonic_GBA_template/Tiles/Sonic_GBA_Template_86.asset
  artifactKey: Guid(6f7f80943037150429e26e27a941a8b8) Importer(815301076,1909f56bfc062723c751e8b465ee728b)
Start importing Assets/Tiles/Sonic_GBA_template/Tiles/Sonic_GBA_Template_86.asset using Guid(6f7f80943037150429e26e27a941a8b8) Importer(815301076,1909f56bfc062723c751e8b465ee728b)  -> (artifact id: '2c1adee20efd08d17b5db8d83d2e93b6') in 0.030492 seconds 
========================================================================
Received Import Request.
  Time since last request: 0.000043 seconds.
  path: Assets/Tiles/Sonic_GBA_template/Tiles/Sonic_GBA_Template_85.asset
  artifactKey: Guid(d19b35360362e834e87bfbd68aa4cbd2) Importer(815301076,1909f56bfc062723c751e8b465ee728b)
Start importing Assets/Tiles/Sonic_GBA_template/Tiles/Sonic_GBA_Template_85.asset using Guid(d19b35360362e834e87bfbd68aa4cbd2) Importer(815301076,1909f56bfc062723c751e8b465ee728b)  -> (artifact id: '7bd2e3075a22c3916a7a42fb4e34e488') in 0.040016 seconds 
========================================================================
Received Import Request.
  Time since last request: 0.000039 seconds.
  path: Assets/Tiles/Sonic_GBA_template/Tiles/Sonic_GBA_Template_89.asset
  artifactKey: Guid(c61a412ed84a50a498383bac4fb887cd) Importer(815301076,1909f56bfc062723c751e8b465ee728b)
Start importing Assets/Tiles/Sonic_GBA_template/Tiles/Sonic_GBA_Template_89.asset using Guid(c61a412ed84a50a498383bac4fb887cd) Importer(815301076,1909f56bfc062723c751e8b465ee728b)  -> (artifact id: '70610c505f5cd8c784c7f35f31fc9ca8') in 0.038982 seconds 
========================================================================
Received Import Request.
  Time since last request: 0.110104 seconds.
  path: Assets/Tiles/Sonic_GBA_template/Tiles/Sonic_GBA_Template_90.asset
  artifactKey: Guid(1f18b38d5ff2dbe45b1cd96b74faf98f) Importer(815301076,1909f56bfc062723c751e8b465ee728b)
Start importing Assets/Tiles/Sonic_GBA_template/Tiles/Sonic_GBA_Template_90.asset using Guid(1f18b38d5ff2dbe45b1cd96b74faf98f) Importer(815301076,1909f56bfc062723c751e8b465ee728b)  -> (artifact id: '249e71bcaf8c051ec8b2c1df412cbd9f') in 0.036279 seconds 
========================================================================
Received Import Request.
  Time since last request: 0.461118 seconds.
  path: Assets/Tiles/Sonic_GBA_template/Tiles/Sonic_GBA_Template_91.asset
  artifactKey: Guid(922d0db87db9166479e689e2c8db8d5b) Importer(815301076,1909f56bfc062723c751e8b465ee728b)
Start importing Assets/Tiles/Sonic_GBA_template/Tiles/Sonic_GBA_Template_91.asset using Guid(922d0db87db9166479e689e2c8db8d5b) Importer(815301076,1909f56bfc062723c751e8b465ee728b)  -> (artifact id: 'd156f307f40ebb461444b59ff942cfe9') in 0.035523 seconds 
========================================================================
Received Import Request.
  Time since last request: 0.032047 seconds.
  path: Assets/Tiles/Sonic_GBA_template/Tiles/Sonic_GBA_Template_93.asset
  artifactKey: Guid(fa1622e1a9467cc40914ae358fb0be33) Importer(815301076,1909f56bfc062723c751e8b465ee728b)
Start importing Assets/Tiles/Sonic_GBA_template/Tiles/Sonic_GBA_Template_93.asset using Guid(fa1622e1a9467cc40914ae358fb0be33) Importer(815301076,1909f56bfc062723c751e8b465ee728b)  -> (artifact id: 'b808856b0a7fdff5f6787aac42d11d74') in 0.030524 seconds 
========================================================================
Received Import Request.
  Time since last request: 0.030743 seconds.
  path: Assets/Tiles/Sonic_GBA_template/Tiles/Sonic_GBA_Template_95.asset
  artifactKey: Guid(fc99d7b7337451b4fbb741f6813c94c1) Importer(815301076,1909f56bfc062723c751e8b465ee728b)
Start importing Assets/Tiles/Sonic_GBA_template/Tiles/Sonic_GBA_Template_95.asset using Guid(fc99d7b7337451b4fbb741f6813c94c1) Importer(815301076,1909f56bfc062723c751e8b465ee728b)  -> (artifact id: 'ef60e2949f2ee625228b14ea2d24676d') in 0.030631 seconds 
========================================================================
Received Import Request.
  Time since last request: 0.002050 seconds.
  path: Assets/Tiles/Sonic_GBA_template/Tiles/Sonic_GBA_Template_96.asset
  artifactKey: Guid(e3d8cc8c18171de4aa46b9b13d5a2ef8) Importer(815301076,1909f56bfc062723c751e8b465ee728b)
Start importing Assets/Tiles/Sonic_GBA_template/Tiles/Sonic_GBA_Template_96.asset using Guid(e3d8cc8c18171de4aa46b9b13d5a2ef8) Importer(815301076,1909f56bfc062723c751e8b465ee728b)  -> (artifact id: 'e06c73e7c03da6ca121ac23abd447552') in 0.032996 seconds 
========================================================================
Received Import Request.
  Time since last request: 0.032056 seconds.
  path: Assets/Tiles/Sonic_GBA_template/Tiles/Sonic_GBA_Template_98.asset
  artifactKey: Guid(ff5f88d98d36ee74493f1093a0008895) Importer(815301076,1909f56bfc062723c751e8b465ee728b)
Start importing Assets/Tiles/Sonic_GBA_template/Tiles/Sonic_GBA_Template_98.asset using Guid(ff5f88d98d36ee74493f1093a0008895) Importer(815301076,1909f56bfc062723c751e8b465ee728b)  -> (artifact id: '1306a10fec0961abab88296884f2443a') in 0.028896 seconds 
========================================================================
Received Import Request.
  Time since last request: 0.031036 seconds.
  path: Assets/Tiles/Sonic_GBA_template/Tiles/Sonic_GBA_Template_100.asset
  artifactKey: Guid(3e3a0bc91061fe24689c9e3d1e29d13b) Importer(815301076,1909f56bfc062723c751e8b465ee728b)
Start importing Assets/Tiles/Sonic_GBA_template/Tiles/Sonic_GBA_Template_100.asset using Guid(3e3a0bc91061fe24689c9e3d1e29d13b) Importer(815301076,1909f56bfc062723c751e8b465ee728b)  -> (artifact id: '792c5797531b7db8c122d721b03ea14e') in 0.028293 seconds 
========================================================================
Received Import Request.
  Time since last request: 0.000023 seconds.
  path: Assets/Tiles/Sonic_GBA_template/Tiles/Sonic_GBA_Template_102.asset
  artifactKey: Guid(24c6fea2e1d1abd47af89efb5c5f74de) Importer(815301076,1909f56bfc062723c751e8b465ee728b)
Start importing Assets/Tiles/Sonic_GBA_template/Tiles/Sonic_GBA_Template_102.asset using Guid(24c6fea2e1d1abd47af89efb5c5f74de) Importer(815301076,1909f56bfc062723c751e8b465ee728b)  -> (artifact id: '2b0b628a411b1ab17115b4f41f68d55b') in 0.028542 seconds 
========================================================================
Received Import Request.
  Time since last request: 0.016593 seconds.
  path: Assets/Tiles/Sonic_GBA_template/Tiles/Sonic_GBA_Template_103.asset
  artifactKey: Guid(1068d145d5ba48547b6f5fd2ec1e5be7) Importer(815301076,1909f56bfc062723c751e8b465ee728b)
Start importing Assets/Tiles/Sonic_GBA_template/Tiles/Sonic_GBA_Template_103.asset using Guid(1068d145d5ba48547b6f5fd2ec1e5be7) Importer(815301076,1909f56bfc062723c751e8b465ee728b)  -> (artifact id: '5483efd4488c2cb99453215a23229aba') in 0.032036 seconds 
========================================================================
Received Import Request.
  Time since last request: 0.030322 seconds.
  path: Assets/Tiles/Sonic_GBA_template/Tiles/Sonic_GBA_Template_105.asset
  artifactKey: Guid(c7389dbfe59576942ab88612db7bf6cb) Importer(815301076,1909f56bfc062723c751e8b465ee728b)
Start importing Assets/Tiles/Sonic_GBA_template/Tiles/Sonic_GBA_Template_105.asset using Guid(c7389dbfe59576942ab88612db7bf6cb) Importer(815301076,1909f56bfc062723c751e8b465ee728b)  -> (artifact id: '215870cc1f4d745a2151a98fabd4b32a') in 0.032688 seconds 
========================================================================
Received Import Request.
  Time since last request: 0.027539 seconds.
  path: Assets/Tiles/Sonic_GBA_template/Tiles/Sonic_GBA_Template_107.asset
  artifactKey: Guid(49b6bcedae3184c4ba995fb76a3b3780) Importer(815301076,1909f56bfc062723c751e8b465ee728b)
Start importing Assets/Tiles/Sonic_GBA_template/Tiles/Sonic_GBA_Template_107.asset using Guid(49b6bcedae3184c4ba995fb76a3b3780) Importer(815301076,1909f56bfc062723c751e8b465ee728b)  -> (artifact id: '94480b0a6e0a25ea1b4713aba4441ab9') in 0.025918 seconds 
========================================================================
Received Import Request.
  Time since last request: 0.000025 seconds.
  path: Assets/Tiles/Sonic_GBA_template/Tiles/Sonic_GBA_Template_108.asset
  artifactKey: Guid(d854d62438ab5f74bbed12c36a46808f) Importer(815301076,1909f56bfc062723c751e8b465ee728b)
Start importing Assets/Tiles/Sonic_GBA_template/Tiles/Sonic_GBA_Template_108.asset using Guid(d854d62438ab5f74bbed12c36a46808f) Importer(815301076,1909f56bfc062723c751e8b465ee728b)  -> (artifact id: '8984dd25c35a4f196d6759342673ef00') in 0.031230 seconds 
========================================================================
Received Import Request.
  Time since last request: 0.024551 seconds.
  path: Assets/Tiles/Sonic_GBA_template/Tiles/Sonic_GBA_Template_110.asset
  artifactKey: Guid(fe72277c1e5e789429230a529488eab7) Importer(815301076,1909f56bfc062723c751e8b465ee728b)
Start importing Assets/Tiles/Sonic_GBA_template/Tiles/Sonic_GBA_Template_110.asset using Guid(fe72277c1e5e789429230a529488eab7) Importer(815301076,1909f56bfc062723c751e8b465ee728b)  -> (artifact id: '696f74788e90ab61330407a5e0a08860') in 0.031375 seconds 
========================================================================
Received Import Request.
  Time since last request: 0.029367 seconds.
  path: Assets/Tiles/Sonic_GBA_template/Tiles/Sonic_GBA_Template_112.asset
  artifactKey: Guid(d8b66141c5b6cab48a0a071b29559171) Importer(815301076,1909f56bfc062723c751e8b465ee728b)
Start importing Assets/Tiles/Sonic_GBA_template/Tiles/Sonic_GBA_Template_112.asset using Guid(d8b66141c5b6cab48a0a071b29559171) Importer(815301076,1909f56bfc062723c751e8b465ee728b)  -> (artifact id: '4fd4255a709d2adf182434e0f0525ab9') in 0.029452 seconds 
========================================================================
Received Import Request.
  Time since last request: 0.000031 seconds.
  path: Assets/Tiles/Sonic_GBA_template/Tiles/Sonic_GBA_Template_113.asset
  artifactKey: Guid(c77f5bb31e95bcf4f95205e8f670a503) Importer(815301076,1909f56bfc062723c751e8b465ee728b)
Start importing Assets/Tiles/Sonic_GBA_template/Tiles/Sonic_GBA_Template_113.asset using Guid(c77f5bb31e95bcf4f95205e8f670a503) Importer(815301076,1909f56bfc062723c751e8b465ee728b)  -> (artifact id: 'e4c5380712e8c1fa64a54f9430a9601a') in 0.028876 seconds 
========================================================================
Received Import Request.
  Time since last request: 0.027766 seconds.
  path: Assets/Tiles/Sonic_GBA_template/Tiles/Sonic_GBA_Template_115.asset
  artifactKey: Guid(dff5c758a22a82b49b98347888a78423) Importer(815301076,1909f56bfc062723c751e8b465ee728b)
Start importing Assets/Tiles/Sonic_GBA_template/Tiles/Sonic_GBA_Template_115.asset using Guid(dff5c758a22a82b49b98347888a78423) Importer(815301076,1909f56bfc062723c751e8b465ee728b)  -> (artifact id: 'e8e7545bd28bcfc6d3208105103b5271') in 0.028920 seconds 
========================================================================
Received Import Request.
  Time since last request: 0.000029 seconds.
  path: Assets/Tiles/Sonic_GBA_template/Tiles/Sonic_GBA_Template_117.asset
  artifactKey: Guid(d29045ab7705ac141bd066d00bb5462e) Importer(815301076,1909f56bfc062723c751e8b465ee728b)
Start importing Assets/Tiles/Sonic_GBA_template/Tiles/Sonic_GBA_Template_117.asset using Guid(d29045ab7705ac141bd066d00bb5462e) Importer(815301076,1909f56bfc062723c751e8b465ee728b)  -> (artifact id: 'e7d7efd140c53ae47a4b1415fd7dcbd0') in 0.029526 seconds 
========================================================================
Received Import Request.
  Time since last request: 0.011781 seconds.
  path: Assets/Tiles/Sonic_GBA_template/Tiles/Sonic_GBA_Template_118.asset
  artifactKey: Guid(4e9dd76811c7aa54f81bc0cc73ec8146) Importer(815301076,1909f56bfc062723c751e8b465ee728b)
Start importing Assets/Tiles/Sonic_GBA_template/Tiles/Sonic_GBA_Template_118.asset using Guid(4e9dd76811c7aa54f81bc0cc73ec8146) Importer(815301076,1909f56bfc062723c751e8b465ee728b)  -> (artifact id: 'baa2cc3bb238c8079d0c1bb49623394f') in 0.027606 seconds 
========================================================================
Received Import Request.
  Time since last request: 0.025818 seconds.
  path: Assets/Tiles/Sonic_GBA_template/Tiles/Sonic_GBA_Template_120.asset
  artifactKey: Guid(d1b3449643ea0ed49afe657941fb30e1) Importer(815301076,1909f56bfc062723c751e8b465ee728b)
Start importing Assets/Tiles/Sonic_GBA_template/Tiles/Sonic_GBA_Template_120.asset using Guid(d1b3449643ea0ed49afe657941fb30e1) Importer(815301076,1909f56bfc062723c751e8b465ee728b)  -> (artifact id: '94cec4110f42957ab5424f88f80a6672') in 0.028020 seconds 
========================================================================
Received Import Request.
  Time since last request: 0.000024 seconds.
  path: Assets/Tiles/Sonic_GBA_template/Tiles/Sonic_GBA_Template_121.asset
  artifactKey: Guid(2d657242305dc294c871be9cbc89e781) Importer(815301076,1909f56bfc062723c751e8b465ee728b)
Start importing Assets/Tiles/Sonic_GBA_template/Tiles/Sonic_GBA_Template_121.asset using Guid(2d657242305dc294c871be9cbc89e781) Importer(815301076,1909f56bfc062723c751e8b465ee728b)  -> (artifact id: '8bf3308868e487598ca81ca661f80a7c') in 0.031561 seconds 
========================================================================
Received Import Request.
  Time since last request: 0.025952 seconds.
  path: Assets/Tiles/Sonic_GBA_template/Tiles/Sonic_GBA_Template_123.asset
  artifactKey: Guid(65f8fa84c55bf464882a51182762e84d) Importer(815301076,1909f56bfc062723c751e8b465ee728b)
Start importing Assets/Tiles/Sonic_GBA_template/Tiles/Sonic_GBA_Template_123.asset using Guid(65f8fa84c55bf464882a51182762e84d) Importer(815301076,1909f56bfc062723c751e8b465ee728b)  -> (artifact id: '4217673c7a22b31f315c7e3cdcbf4b5c') in 0.029947 seconds 
========================================================================
Received Import Request.
  Time since last request: 0.018351 seconds.
  path: Assets/Tiles/Sonic_GBA_template/Tiles/Sonic_GBA_Template_124.asset
  artifactKey: Guid(763a2e5e74777f24bb04b65a37b67144) Importer(815301076,1909f56bfc062723c751e8b465ee728b)
Start importing Assets/Tiles/Sonic_GBA_template/Tiles/Sonic_GBA_Template_124.asset using Guid(763a2e5e74777f24bb04b65a37b67144) Importer(815301076,1909f56bfc062723c751e8b465ee728b)  -> (artifact id: 'f8aa8d434f817d36d064d0c6c1574339') in 0.029400 seconds 
========================================================================
Received Import Request.
  Time since last request: 0.048117 seconds.
  path: Assets/Tiles/Sonic_GBA_template/Tiles/Sonic_GBA_Template_125.asset
  artifactKey: Guid(6e223307da2f6894ab7790a8f37e7885) Importer(815301076,1909f56bfc062723c751e8b465ee728b)
Start importing Assets/Tiles/Sonic_GBA_template/Tiles/Sonic_GBA_Template_125.asset using Guid(6e223307da2f6894ab7790a8f37e7885) Importer(815301076,1909f56bfc062723c751e8b465ee728b)  -> (artifact id: '2df489f310da938d12134db75dfc0823') in 0.030451 seconds 
========================================================================
Received Import Request.
  Time since last request: 0.006846 seconds.
  path: Assets/Tiles/Sonic_GBA_template/Tiles/Sonic_GBA_Template_126.asset
  artifactKey: Guid(4653c4bb04a8d0a43860742dd124beea) Importer(815301076,1909f56bfc062723c751e8b465ee728b)
Start importing Assets/Tiles/Sonic_GBA_template/Tiles/Sonic_GBA_Template_126.asset using Guid(4653c4bb04a8d0a43860742dd124beea) Importer(815301076,1909f56bfc062723c751e8b465ee728b)  -> (artifact id: 'c315249b7d9e27858edc18c4c82fa4d2') in 0.026337 seconds 
========================================================================
Received Import Request.
  Time since last request: 0.027616 seconds.
  path: Assets/Tiles/Sonic_GBA_template/Tiles/Sonic_GBA_Template_127.asset
  artifactKey: Guid(8e7e95180a5a56443a3ca215230a1bcc) Importer(815301076,1909f56bfc062723c751e8b465ee728b)
Start importing Assets/Tiles/Sonic_GBA_template/Tiles/Sonic_GBA_Template_127.asset using Guid(8e7e95180a5a56443a3ca215230a1bcc) Importer(815301076,1909f56bfc062723c751e8b465ee728b)  -> (artifact id: 'b58254626a7ac6db39f41eccf9b52843') in 0.027908 seconds 
========================================================================
Received Import Request.
  Time since last request: 0.008063 seconds.
  path: Assets/Tiles/Sonic_GBA_template/Tiles/Sonic_GBA_Template_128.asset
  artifactKey: Guid(b2f328c3991c05d4bbd72f7a1243d384) Importer(815301076,1909f56bfc062723c751e8b465ee728b)
Start importing Assets/Tiles/Sonic_GBA_template/Tiles/Sonic_GBA_Template_128.asset using Guid(b2f328c3991c05d4bbd72f7a1243d384) Importer(815301076,1909f56bfc062723c751e8b465ee728b)  -> (artifact id: 'c21c62b662f7d5f95cf09db3f702a9e0') in 0.031332 seconds 
========================================================================
Received Import Request.
  Time since last request: 0.023752 seconds.
  path: Assets/Tiles/Sonic_GBA_template/Tiles/Sonic_GBA_Template_129.asset
  artifactKey: Guid(5d49c38fab51b7145a10410b796a0c13) Importer(815301076,1909f56bfc062723c751e8b465ee728b)
Start importing Assets/Tiles/Sonic_GBA_template/Tiles/Sonic_GBA_Template_129.asset using Guid(5d49c38fab51b7145a10410b796a0c13) Importer(815301076,1909f56bfc062723c751e8b465ee728b)  -> (artifact id: 'f842a40eff53e7a53813047703c3938c') in 0.027606 seconds 
========================================================================
Received Import Request.
  Time since last request: 0.097295 seconds.
  path: Assets/Tiles/Sonic_GBA_template/GBA_palette.prefab
  artifactKey: Guid(4f5687606ed1c224ab43a431f8a83770) Importer(815301076,1909f56bfc062723c751e8b465ee728b)
Start importing Assets/Tiles/Sonic_GBA_template/GBA_palette.prefab using Guid(4f5687606ed1c224ab43a431f8a83770) Importer(815301076,1909f56bfc062723c751e8b465ee728b)  -> (artifact id: '3f0df3e67f5ab34bf1b3a678caeabc7e') in 0.263367 seconds 
========================================================================
Received Import Request.
  Time since last request: 48.044082 seconds.
  path: Assets/Tiles/tiles basic plus
  artifactKey: Guid(d4be7c2247bfb21468ac2afe983b0450) Importer(815301076,1909f56bfc062723c751e8b465ee728b)
Start importing Assets/Tiles/tiles basic plus using Guid(d4be7c2247bfb21468ac2afe983b0450) Importer(815301076,1909f56bfc062723c751e8b465ee728b)  -> (artifact id: '4d85767cc0ab3283b42370452d96c08b') in 0.018442 seconds 
========================================================================
Received Import Request.
  Time since last request: 0.008837 seconds.
  path: Assets/Tiles/tilesJosen
  artifactKey: Guid(564f4a66b4921714cacdc0d81fc41978) Importer(815301076,1909f56bfc062723c751e8b465ee728b)
Start importing Assets/Tiles/tilesJosen using Guid(564f4a66b4921714cacdc0d81fc41978) Importer(815301076,1909f56bfc062723c751e8b465ee728b)  -> (artifact id: '61ff96a585a0e85914420fc94559e9c1') in 0.014368 seconds 
========================================================================
Received Import Request.
  Time since last request: 0.250042 seconds.
  path: Assets/PlayerInputActions.cs
  artifactKey: Guid(aca03fd0383a2274fa4a515f4e2c94d4) Importer(815301076,1909f56bfc062723c751e8b465ee728b)
Start importing Assets/PlayerInputActions.cs using Guid(aca03fd0383a2274fa4a515f4e2c94d4) Importer(815301076,1909f56bfc062723c751e8b465ee728b)  -> (artifact id: '3509720f1af50efb0c45ec31fdae6b91') in 0.011404 seconds 
========================================================================
Received Import Request.
  Time since last request: 0.069021 seconds.
  path: Assets/PlayerInputActions.inputactions
  artifactKey: Guid(65fb8feae4708b74697d032f769ef12f) Importer(815301076,1909f56bfc062723c751e8b465ee728b)
Start importing Assets/PlayerInputActions.inputactions using Guid(65fb8feae4708b74697d032f769ef12f) Importer(815301076,1909f56bfc062723c751e8b465ee728b)  -> (artifact id: '33b36eb7d556a4771124ec0364451af0') in 0.023426 seconds 
========================================================================
Received Import Request.
  Time since last request: 119.359592 seconds.
  path: Assets/Tiles/tilesJosen/tilesJosen.png
  artifactKey: Guid(c18d91e087811834b991f71fcaf37481) Importer(815301076,1909f56bfc062723c751e8b465ee728b)
Start importing Assets/Tiles/tilesJosen/tilesJosen.png using Guid(c18d91e087811834b991f71fcaf37481) Importer(815301076,1909f56bfc062723c751e8b465ee728b)  -> (artifact id: 'ed87a51313c4e5d83bb4bbd7c558e529') in 0.034443 seconds 
========================================================================
Received Import Request.
  Time since last request: 17.637862 seconds.
  path: Assets/Tiles/tilesJosen/tilesJosen.png
  artifactKey: Guid(c18d91e087811834b991f71fcaf37481) Importer(815301076,1909f56bfc062723c751e8b465ee728b)
Start importing Assets/Tiles/tilesJosen/tilesJosen.png using Guid(c18d91e087811834b991f71fcaf37481) Importer(815301076,1909f56bfc062723c751e8b465ee728b)  -> (artifact id: '69897f6e021367034be19ad4244740af') in 0.023110 seconds 
========================================================================
Received Import Request.
  Time since last request: 8.318230 seconds.
  path: Assets/Tiles/tilesJosen/tilesJosen.png
  artifactKey: Guid(c18d91e087811834b991f71fcaf37481) Importer(815301076,1909f56bfc062723c751e8b465ee728b)
Start importing Assets/Tiles/tilesJosen/tilesJosen.png using Guid(c18d91e087811834b991f71fcaf37481) Importer(815301076,1909f56bfc062723c751e8b465ee728b)  -> (artifact id: 'bda1fca3f37b857d607fc21ddcf8c4d6') in 0.021379 seconds 
========================================================================
Received Import Request.
  Time since last request: 15.660791 seconds.
  path: Assets/Tiles/tilesJosen/tilesJosen.png
  artifactKey: Guid(c18d91e087811834b991f71fcaf37481) Importer(815301076,1909f56bfc062723c751e8b465ee728b)
Start importing Assets/Tiles/tilesJosen/tilesJosen.png using Guid(c18d91e087811834b991f71fcaf37481) Importer(815301076,1909f56bfc062723c751e8b465ee728b)  -> (artifact id: 'fa312017eb9b8b1501a2e387fa05e2c1') in 0.084467 seconds 
========================================================================
Received Import Request.
  Time since last request: 22.455399 seconds.
  path: Assets/Tiles/tilesJosen/tilesJosen.aseprite
  artifactKey: Guid(3eaaf468d5160af4984dcbb0344c0269) Importer(815301076,1909f56bfc062723c751e8b465ee728b)
Start importing Assets/Tiles/tilesJosen/tilesJosen.aseprite using Guid(3eaaf468d5160af4984dcbb0344c0269) Importer(815301076,1909f56bfc062723c751e8b465ee728b)  -> (artifact id: '8615bfbccd8088e32a698ff932c01546') in 0.010161 seconds 
========================================================================
Received Import Request.
  Time since last request: 29.936193 seconds.
  path: Assets/Rectangular Palette.prefab
  artifactKey: Guid(01f5443c3f5aed9418682e3a2165c15f) Importer(815301076,1909f56bfc062723c751e8b465ee728b)
Start importing Assets/Rectangular Palette.prefab using Guid(01f5443c3f5aed9418682e3a2165c15f) Importer(815301076,1909f56bfc062723c751e8b465ee728b)  -> (artifact id: 'c608e7613593227ca0c6d2653ef1d9f3') in 0.034437 seconds 
========================================================================
Received Import Request.
  Time since last request: 126.772210 seconds.
  path: Assets/Tiles/tilesJosen/tilesJosen.png
  artifactKey: Guid(c18d91e087811834b991f71fcaf37481) Importer(815301076,1909f56bfc062723c751e8b465ee728b)
Start importing Assets/Tiles/tilesJosen/tilesJosen.png using Guid(c18d91e087811834b991f71fcaf37481) Importer(815301076,1909f56bfc062723c751e8b465ee728b)  -> (artifact id: 'fd82626a1a56596dfa58135db818439d') in 0.181140 seconds 
========================================================================
Received Import Request.
  Time since last request: 36.469633 seconds.
  path: Assets/Tiles/tilesJosen/tilesJosen.png
  artifactKey: Guid(c18d91e087811834b991f71fcaf37481) Importer(815301076,1909f56bfc062723c751e8b465ee728b)
Start importing Assets/Tiles/tilesJosen/tilesJosen.png using Guid(c18d91e087811834b991f71fcaf37481) Importer(815301076,1909f56bfc062723c751e8b465ee728b)  -> (artifact id: '9c07e0618e3b6b317228106d4da8eaf7') in 0.079594 seconds 
